2026/03/31 18:38:20.348190 =================================================
2026/03/31 18:38:20.348190 =================================================
2026/03/31 18:38:20.348388   RaftKMS Node: node2  [RESTART/START]
2026/03/31 18:38:20.348388   RaftKMS Node: node2  [RESTART/START]
2026/03/31 18:38:20.348410   Address:      localhost:5002
2026/03/31 18:38:20.348410   Address:      localhost:5002
2026/03/31 18:38:20.348425   Peers:        [localhost:5001 localhost:5003]
2026/03/31 18:38:20.348425   Peers:        [localhost:5001 localhost:5003]
2026/03/31 18:38:20.348448   Data Dir:     ./data/node2
2026/03/31 18:38:20.348448   Data Dir:     ./data/node2
2026/03/31 18:38:20.348462   Log File:     /Users/rudrapratapsinghtomar/Desktop/WORKspace/distProject/logs/node2.log
2026/03/31 18:38:20.348462   Log File:     /Users/rudrapratapsinghtomar/Desktop/WORKspace/distProject/logs/node2.log
2026/03/31 18:38:20.348478   Started At:   2026-03-31T18:38:20+05:30
2026/03/31 18:38:20.348478   Started At:   2026-03-31T18:38:20+05:30
2026/03/31 18:38:20.348491 =================================================
2026/03/31 18:38:20.348491 =================================================
2026/03/31 18:38:20.348531 [RAFT] Node node2 started | Term=0 | VotedFor="" | LogLen=0 | Recovering committed entries...
2026/03/31 18:38:20.348531 [RAFT] Node node2 started | Term=0 | VotedFor="" | LogLen=0 | Recovering committed entries...
2026/03/31 18:38:20.348565 [MAIN] Node node2 is running. Press Ctrl+C to stop.
2026/03/31 18:38:20.348565 [MAIN] Node node2 is running. Press Ctrl+C to stop.
2026/03/31 18:38:20.349085 [API] HTTP server starting on localhost:5002
2026/03/31 18:38:20.349085 [API] HTTP server starting on localhost:5002
2026/03/31 18:38:22.060808 [ELECTION] ⚡ Node node2 timed out waiting for heartbeat — starting election | Term=1 | LogLen=0 | Need=2/3 votes
2026/03/31 18:38:22.060808 [ELECTION] ⚡ Node node2 timed out waiting for heartbeat — starting election | Term=1 | LogLen=0 | Need=2/3 votes
2026/03/31 18:38:22.060969 [ELECTION] Node node2: Voted for self (1/2). Requesting votes from peers: [localhost:5001 localhost:5003]
2026/03/31 18:38:22.060969 [ELECTION] Node node2: Voted for self (1/2). Requesting votes from peers: [localhost:5001 localhost:5003]
2026/03/31 18:38:22.061074 [ELECTION] Node node2 → localhost:5003: Sending RequestVote | Term=1 LastLogIndex=0 LastLogTerm=0
2026/03/31 18:38:22.061074 [ELECTION] Node node2 → localhost:5003: Sending RequestVote | Term=1 LastLogIndex=0 LastLogTerm=0
2026/03/31 18:38:22.061177 [ELECTION] Node node2 → localhost:5001: Sending RequestVote | Term=1 LastLogIndex=0 LastLogTerm=0
2026/03/31 18:38:22.061177 [ELECTION] Node node2 → localhost:5001: Sending RequestVote | Term=1 LastLogIndex=0 LastLogTerm=0
2026/03/31 18:38:22.066296 [ELECTION] Node node2 ← localhost:5003: Vote GRANTED ✓ | Votes=2/3 (need 2)
2026/03/31 18:38:22.066296 [ELECTION] Node node2 ← localhost:5003: Vote GRANTED ✓ | Votes=2/3 (need 2)
2026/03/31 18:38:22.066377 [ELECTION] Node node2: Won election with majority votes! Becoming LEADER for Term 1
2026/03/31 18:38:22.066377 [ELECTION] Node node2: Won election with majority votes! Becoming LEADER for Term 1
2026/03/31 18:38:22.066412 [LEADER] 🎉 Node node2 became LEADER for Term 1 | LogLen=0 | Peers=[localhost:5001 localhost:5003]
2026/03/31 18:38:22.066412 [LEADER] 🎉 Node node2 became LEADER for Term 1 | LogLen=0 | Peers=[localhost:5001 localhost:5003]
2026/03/31 18:38:22.066355 [ELECTION] Node node2 ← localhost:5001: Vote GRANTED ✓ | Votes=3/3 (need 2)
2026/03/31 18:38:22.066355 [ELECTION] Node node2 ← localhost:5001: Vote GRANTED ✓ | Votes=3/3 (need 2)
2026/03/31 18:40:17.120977 [CHAOS] 💀 Node KILLED - all requests will be rejected
2026/03/31 18:40:17.120977 [CHAOS] 💀 Node KILLED - all requests will be rejected
2026/03/31 18:40:38.704005 [CHAOS] ✅ Node REVIVED - accepting requests again
2026/03/31 18:40:38.704005 [CHAOS] ✅ Node REVIVED - accepting requests again
2026/03/31 18:40:39.065478 [RAFT] Node node2: Stepping down, higher term 2 from localhost:5003
2026/03/31 18:40:39.065478 [RAFT] Node node2: Stepping down, higher term 2 from localhost:5003
2026/03/31 18:41:18.243322 [SYNC] Node node2 ← node3: Appended 1 entries | LogLen now=1 | commitIndex=0
2026/03/31 18:41:18.243322 [SYNC] Node node2 ← node3: Appended 1 entries | LogLen now=1 | commitIndex=0
2026/03/31 18:41:18.645709 [APPLY] Node node2: Applying entry Index=1 Term=2 Action=CREATE_KEY | lastApplied=1 commitIndex=1
2026/03/31 18:41:18.645709 [APPLY] Node node2: Applying entry Index=1 Term=2 Action=CREATE_KEY | lastApplied=1 commitIndex=1
2026/03/31 18:41:18.645988 [KMS] Created key: alice
2026/03/31 18:41:18.645988 [KMS] Created key: alice
2026/03/31 18:42:38.953541 [SYNC] Node node2 ← node3: Appended 1 entries | LogLen now=2 | commitIndex=1
2026/03/31 18:42:38.953541 [SYNC] Node node2 ← node3: Appended 1 entries | LogLen now=2 | commitIndex=1
2026/03/31 18:42:39.144093 [APPLY] Node node2: Applying entry Index=2 Term=2 Action=CREATE_KEY | lastApplied=2 commitIndex=2
2026/03/31 18:42:39.144093 [APPLY] Node node2: Applying entry Index=2 Term=2 Action=CREATE_KEY | lastApplied=2 commitIndex=2
2026/03/31 18:42:39.144359 [KMS] Created key: bob
2026/03/31 18:42:39.144359 [KMS] Created key: bob
2026/03/31 18:43:34.860502 [SYNC] Node node2 ← node3: Appended 1 entries | LogLen now=3 | commitIndex=2
2026/03/31 18:43:34.860502 [SYNC] Node node2 ← node3: Appended 1 entries | LogLen now=3 | commitIndex=2
2026/03/31 18:43:35.142065 [APPLY] Node node2: Applying entry Index=3 Term=2 Action=AUDIT_LOG | lastApplied=3 commitIndex=3
2026/03/31 18:43:35.142065 [APPLY] Node node2: Applying entry Index=3 Term=2 Action=AUDIT_LOG | lastApplied=3 commitIndex=3
2026/03/31 18:43:35.142312 [KMS/AUDIT] User admin performed DECRYPT on Key alice
2026/03/31 18:43:35.142312 [KMS/AUDIT] User admin performed DECRYPT on Key alice
2026/03/31 18:45:12.420905 [VOTE] Node node2: Granted vote to node1 for Term 3 | candidate log up-to-date ✓
2026/03/31 18:45:12.420905 [VOTE] Node node2: Granted vote to node1 for Term 3 | candidate log up-to-date ✓
2026/03/31 18:46:29.059101 [SYNC] Node node2 ← node1: Appended 1 entries | LogLen now=4 | commitIndex=3
2026/03/31 18:46:29.059101 [SYNC] Node node2 ← node1: Appended 1 entries | LogLen now=4 | commitIndex=3
2026/03/31 18:46:29.420911 [APPLY] Node node2: Applying entry Index=4 Term=3 Action=CREATE_KEY | lastApplied=4 commitIndex=4
2026/03/31 18:46:29.420911 [APPLY] Node node2: Applying entry Index=4 Term=3 Action=CREATE_KEY | lastApplied=4 commitIndex=4
2026/03/31 18:46:29.421061 [KMS] Created key: rudra
2026/03/31 18:46:29.421061 [KMS] Created key: rudra
2026/03/31 18:47:13.591134 [VOTE] Node node2: Granted vote to node3 for Term 4 | candidate log up-to-date ✓
2026/03/31 18:47:13.591134 [VOTE] Node node2: Granted vote to node3 for Term 4 | candidate log up-to-date ✓
2026/03/31 18:47:29.160227 [SYNC] Node node2 ← node3: Appended 1 entries | LogLen now=5 | commitIndex=4
2026/03/31 18:47:29.160227 [SYNC] Node node2 ← node3: Appended 1 entries | LogLen now=5 | commitIndex=4
2026/03/31 18:47:29.594017 [APPLY] Node node2: Applying entry Index=5 Term=4 Action=AUDIT_LOG | lastApplied=5 commitIndex=5
2026/03/31 18:47:29.594017 [APPLY] Node node2: Applying entry Index=5 Term=4 Action=AUDIT_LOG | lastApplied=5 commitIndex=5
2026/03/31 18:47:29.594229 [KMS/AUDIT] User admin performed DECRYPT on Key rudra
2026/03/31 18:47:29.594229 [KMS/AUDIT] User admin performed DECRYPT on Key rudra
