2026/03/31 18:38:20.531625 =================================================
2026/03/31 18:38:20.531625 =================================================
2026/03/31 18:38:20.531723   RaftKMS Node: node1  [RESTART/START]
2026/03/31 18:38:20.531723   RaftKMS Node: node1  [RESTART/START]
2026/03/31 18:38:20.531733   Address:      localhost:5001
2026/03/31 18:38:20.531733   Address:      localhost:5001
2026/03/31 18:38:20.531739   Peers:        [localhost:5002 localhost:5003]
2026/03/31 18:38:20.531739   Peers:        [localhost:5002 localhost:5003]
2026/03/31 18:38:20.531746   Data Dir:     ./data/node1
2026/03/31 18:38:20.531746   Data Dir:     ./data/node1
2026/03/31 18:38:20.531752   Log File:     /Users/rudrapratapsinghtomar/Desktop/WORKspace/distProject/logs/node1.log
2026/03/31 18:38:20.531752   Log File:     /Users/rudrapratapsinghtomar/Desktop/WORKspace/distProject/logs/node1.log
2026/03/31 18:38:20.531759   Started At:   2026-03-31T18:38:20+05:30
2026/03/31 18:38:20.531759   Started At:   2026-03-31T18:38:20+05:30
2026/03/31 18:38:20.531765 =================================================
2026/03/31 18:38:20.531765 =================================================
2026/03/31 18:38:20.531786 [RAFT] Node node1 started | Term=0 | VotedFor="" | LogLen=0 | Recovering committed entries...
2026/03/31 18:38:20.531786 [RAFT] Node node1 started | Term=0 | VotedFor="" | LogLen=0 | Recovering committed entries...
2026/03/31 18:38:20.531801 [MAIN] Node node1 is running. Press Ctrl+C to stop.
2026/03/31 18:38:20.531801 [MAIN] Node node1 is running. Press Ctrl+C to stop.
2026/03/31 18:38:20.531960 [API] HTTP server starting on localhost:5001
2026/03/31 18:38:20.531960 [API] HTTP server starting on localhost:5001
2026/03/31 18:38:22.065957 [VOTE] Node node1: Granted vote to node2 for Term 1 | candidate log up-to-date ✓
2026/03/31 18:38:22.065957 [VOTE] Node node1: Granted vote to node2 for Term 1 | candidate log up-to-date ✓
2026/03/31 18:40:19.645845 [VOTE] Node node1: Granted vote to node3 for Term 2 | candidate log up-to-date ✓
2026/03/31 18:40:19.645845 [VOTE] Node node1: Granted vote to node3 for Term 2 | candidate log up-to-date ✓
2026/03/31 18:41:18.243370 [SYNC] Node node1 ← node3: Appended 1 entries | LogLen now=1 | commitIndex=0
2026/03/31 18:41:18.243370 [SYNC] Node node1 ← node3: Appended 1 entries | LogLen now=1 | commitIndex=0
2026/03/31 18:41:18.645745 [APPLY] Node node1: Applying entry Index=1 Term=2 Action=CREATE_KEY | lastApplied=1 commitIndex=1
2026/03/31 18:41:18.645745 [APPLY] Node node1: Applying entry Index=1 Term=2 Action=CREATE_KEY | lastApplied=1 commitIndex=1
2026/03/31 18:41:18.645984 [KMS] Created key: alice
2026/03/31 18:41:18.645984 [KMS] Created key: alice
2026/03/31 18:42:38.953520 [SYNC] Node node1 ← node3: Appended 1 entries | LogLen now=2 | commitIndex=1
2026/03/31 18:42:38.953520 [SYNC] Node node1 ← node3: Appended 1 entries | LogLen now=2 | commitIndex=1
2026/03/31 18:42:39.144217 [APPLY] Node node1: Applying entry Index=2 Term=2 Action=CREATE_KEY | lastApplied=2 commitIndex=2
2026/03/31 18:42:39.144217 [APPLY] Node node1: Applying entry Index=2 Term=2 Action=CREATE_KEY | lastApplied=2 commitIndex=2
2026/03/31 18:42:39.144623 [KMS] Created key: bob
2026/03/31 18:42:39.144623 [KMS] Created key: bob
2026/03/31 18:43:34.860441 [SYNC] Node node1 ← node3: Appended 1 entries | LogLen now=3 | commitIndex=2
2026/03/31 18:43:34.860441 [SYNC] Node node1 ← node3: Appended 1 entries | LogLen now=3 | commitIndex=2
2026/03/31 18:43:35.142063 [APPLY] Node node1: Applying entry Index=3 Term=2 Action=AUDIT_LOG | lastApplied=3 commitIndex=3
2026/03/31 18:43:35.142063 [APPLY] Node node1: Applying entry Index=3 Term=2 Action=AUDIT_LOG | lastApplied=3 commitIndex=3
2026/03/31 18:43:35.142248 [KMS/AUDIT] User admin performed DECRYPT on Key alice
2026/03/31 18:43:35.142248 [KMS/AUDIT] User admin performed DECRYPT on Key alice
2026/03/31 18:45:12.418021 [ELECTION] ⚡ Node node1 timed out waiting for heartbeat — starting election | Term=3 | LogLen=3 | Need=2/3 votes
2026/03/31 18:45:12.418021 [ELECTION] ⚡ Node node1 timed out waiting for heartbeat — starting election | Term=3 | LogLen=3 | Need=2/3 votes
2026/03/31 18:45:12.418498 [ELECTION] Node node1: Voted for self (1/2). Requesting votes from peers: [localhost:5002 localhost:5003]
2026/03/31 18:45:12.418498 [ELECTION] Node node1: Voted for self (1/2). Requesting votes from peers: [localhost:5002 localhost:5003]
2026/03/31 18:45:12.418595 [ELECTION] Node node1 → localhost:5003: Sending RequestVote | Term=3 LastLogIndex=3 LastLogTerm=2
2026/03/31 18:45:12.418595 [ELECTION] Node node1 → localhost:5003: Sending RequestVote | Term=3 LastLogIndex=3 LastLogTerm=2
2026/03/31 18:45:12.418688 [ELECTION] Node node1 → localhost:5002: Sending RequestVote | Term=3 LastLogIndex=3 LastLogTerm=2
2026/03/31 18:45:12.418688 [ELECTION] Node node1 → localhost:5002: Sending RequestVote | Term=3 LastLogIndex=3 LastLogTerm=2
2026/03/31 18:45:12.419286 [ELECTION] Node node1 ← localhost:5003: Vote DENIED ✗ | peer's term=0
2026/03/31 18:45:12.419286 [ELECTION] Node node1 ← localhost:5003: Vote DENIED ✗ | peer's term=0
2026/03/31 18:45:12.421400 [ELECTION] Node node1 ← localhost:5002: Vote GRANTED ✓ | Votes=2/3 (need 2)
2026/03/31 18:45:12.421400 [ELECTION] Node node1 ← localhost:5002: Vote GRANTED ✓ | Votes=2/3 (need 2)
2026/03/31 18:45:12.421449 [ELECTION] Node node1: Won election with majority votes! Becoming LEADER for Term 3
2026/03/31 18:45:12.421449 [ELECTION] Node node1: Won election with majority votes! Becoming LEADER for Term 3
2026/03/31 18:45:12.421470 [LEADER] 🎉 Node node1 became LEADER for Term 3 | LogLen=3 | Peers=[localhost:5002 localhost:5003]
2026/03/31 18:45:12.421470 [LEADER] 🎉 Node node1 became LEADER for Term 3 | LogLen=3 | Peers=[localhost:5002 localhost:5003]
2026/03/31 18:45:12.421827 [RPC] AppendEntries to localhost:5003 returned status 503
2026/03/31 18:45:12.421827 [RPC] AppendEntries to localhost:5003 returned status 503
2026/03/31 18:45:12.421856 [REPLICATION] Leader node1 → localhost:5003: Log inconsistency — backing nextIndex to 3 for retry
2026/03/31 18:45:12.421856 [REPLICATION] Leader node1 → localhost:5003: Log inconsistency — backing nextIndex to 3 for retry
2026/03/31 18:45:12.923208 [RPC] AppendEntries to localhost:5003 returned status 503
2026/03/31 18:45:12.923208 [RPC] AppendEntries to localhost:5003 returned status 503
2026/03/31 18:45:12.923356 [REPLICATION] Leader node1 → localhost:5003: Log inconsistency — backing nextIndex to 2 for retry
2026/03/31 18:45:12.923356 [REPLICATION] Leader node1 → localhost:5003: Log inconsistency — backing nextIndex to 2 for retry
2026/03/31 18:45:13.423512 [RPC] AppendEntries to localhost:5003 returned status 503
2026/03/31 18:45:13.423512 [RPC] AppendEntries to localhost:5003 returned status 503
2026/03/31 18:45:13.423690 [REPLICATION] Leader node1 → localhost:5003: Log inconsistency — backing nextIndex to 1 for retry
2026/03/31 18:45:13.423690 [REPLICATION] Leader node1 → localhost:5003: Log inconsistency — backing nextIndex to 1 for retry
2026/03/31 18:45:13.923315 [RPC] AppendEntries to localhost:5003 returned status 503
2026/03/31 18:45:13.923315 [RPC] AppendEntries to localhost:5003 returned status 503
2026/03/31 18:45:14.423175 [RPC] AppendEntries to localhost:5003 returned status 503
2026/03/31 18:45:14.423175 [RPC] AppendEntries to localhost:5003 returned status 503
2026/03/31 18:45:14.923054 [RPC] AppendEntries to localhost:5003 returned status 503
2026/03/31 18:45:14.923054 [RPC] AppendEntries to localhost:5003 returned status 503
2026/03/31 18:45:15.423436 [RPC] AppendEntries to localhost:5003 returned status 503
2026/03/31 18:45:15.423436 [RPC] AppendEntries to localhost:5003 returned status 503
2026/03/31 18:45:15.923481 [RPC] AppendEntries to localhost:5003 returned status 503
2026/03/31 18:45:15.923481 [RPC] AppendEntries to localhost:5003 returned status 503
2026/03/31 18:45:16.423405 [RPC] AppendEntries to localhost:5003 returned status 503
2026/03/31 18:45:16.423405 [RPC] AppendEntries to localhost:5003 returned status 503
2026/03/31 18:45:16.923113 [RPC] AppendEntries to localhost:5003 returned status 503
2026/03/31 18:45:16.923113 [RPC] AppendEntries to localhost:5003 returned status 503
2026/03/31 18:45:17.423348 [RPC] AppendEntries to localhost:5003 returned status 503
2026/03/31 18:45:17.423348 [RPC] AppendEntries to localhost:5003 returned status 503
2026/03/31 18:45:17.923285 [RPC] AppendEntries to localhost:5003 returned status 503
2026/03/31 18:45:17.923285 [RPC] AppendEntries to localhost:5003 returned status 503
2026/03/31 18:45:18.423369 [RPC] AppendEntries to localhost:5003 returned status 503
2026/03/31 18:45:18.423369 [RPC] AppendEntries to localhost:5003 returned status 503
2026/03/31 18:45:18.923281 [RPC] AppendEntries to localhost:5003 returned status 503
2026/03/31 18:45:18.923281 [RPC] AppendEntries to localhost:5003 returned status 503
2026/03/31 18:45:19.423478 [RPC] AppendEntries to localhost:5003 returned status 503
2026/03/31 18:45:19.423478 [RPC] AppendEntries to localhost:5003 returned status 503
2026/03/31 18:45:19.923190 [RPC] AppendEntries to localhost:5003 returned status 503
2026/03/31 18:45:19.923190 [RPC] AppendEntries to localhost:5003 returned status 503
2026/03/31 18:45:20.423003 [RPC] AppendEntries to localhost:5003 returned status 503
2026/03/31 18:45:20.423003 [RPC] AppendEntries to localhost:5003 returned status 503
2026/03/31 18:45:20.923071 [RPC] AppendEntries to localhost:5003 returned status 503
2026/03/31 18:45:20.923071 [RPC] AppendEntries to localhost:5003 returned status 503
2026/03/31 18:45:21.422832 [RPC] AppendEntries to localhost:5003 returned status 503
2026/03/31 18:45:21.422832 [RPC] AppendEntries to localhost:5003 returned status 503
2026/03/31 18:45:21.922951 [RPC] AppendEntries to localhost:5003 returned status 503
2026/03/31 18:45:21.922951 [RPC] AppendEntries to localhost:5003 returned status 503
2026/03/31 18:45:22.423194 [RPC] AppendEntries to localhost:5003 returned status 503
2026/03/31 18:45:22.423194 [RPC] AppendEntries to localhost:5003 returned status 503
2026/03/31 18:45:22.922960 [RPC] AppendEntries to localhost:5003 returned status 503
2026/03/31 18:45:22.922960 [RPC] AppendEntries to localhost:5003 returned status 503
2026/03/31 18:45:23.422417 [RPC] AppendEntries to localhost:5003 returned status 503
2026/03/31 18:45:23.422417 [RPC] AppendEntries to localhost:5003 returned status 503
2026/03/31 18:45:23.923322 [RPC] AppendEntries to localhost:5003 returned status 503
2026/03/31 18:45:23.923322 [RPC] AppendEntries to localhost:5003 returned status 503
2026/03/31 18:45:24.423274 [RPC] AppendEntries to localhost:5003 returned status 503
2026/03/31 18:45:24.423274 [RPC] AppendEntries to localhost:5003 returned status 503
2026/03/31 18:45:24.923133 [RPC] AppendEntries to localhost:5003 returned status 503
2026/03/31 18:45:24.923133 [RPC] AppendEntries to localhost:5003 returned status 503
2026/03/31 18:45:25.421914 [RPC] AppendEntries to localhost:5003 returned status 503
2026/03/31 18:45:25.421914 [RPC] AppendEntries to localhost:5003 returned status 503
2026/03/31 18:45:25.922596 [RPC] AppendEntries to localhost:5003 returned status 503
2026/03/31 18:45:25.922596 [RPC] AppendEntries to localhost:5003 returned status 503
2026/03/31 18:45:26.423037 [RPC] AppendEntries to localhost:5003 returned status 503
2026/03/31 18:45:26.423037 [RPC] AppendEntries to localhost:5003 returned status 503
2026/03/31 18:45:26.923184 [RPC] AppendEntries to localhost:5003 returned status 503
2026/03/31 18:45:26.923184 [RPC] AppendEntries to localhost:5003 returned status 503
2026/03/31 18:45:27.422743 [RPC] AppendEntries to localhost:5003 returned status 503
2026/03/31 18:45:27.422743 [RPC] AppendEntries to localhost:5003 returned status 503
2026/03/31 18:45:27.922516 [RPC] AppendEntries to localhost:5003 returned status 503
2026/03/31 18:45:27.922516 [RPC] AppendEntries to localhost:5003 returned status 503
2026/03/31 18:45:28.423018 [RPC] AppendEntries to localhost:5003 returned status 503
2026/03/31 18:45:28.423018 [RPC] AppendEntries to localhost:5003 returned status 503
2026/03/31 18:45:28.922600 [RPC] AppendEntries to localhost:5003 returned status 503
2026/03/31 18:45:28.922600 [RPC] AppendEntries to localhost:5003 returned status 503
2026/03/31 18:45:29.422476 [RPC] AppendEntries to localhost:5003 returned status 503
2026/03/31 18:45:29.422476 [RPC] AppendEntries to localhost:5003 returned status 503
2026/03/31 18:45:29.923126 [RPC] AppendEntries to localhost:5003 returned status 503
2026/03/31 18:45:29.923126 [RPC] AppendEntries to localhost:5003 returned status 503
2026/03/31 18:45:30.423053 [RPC] AppendEntries to localhost:5003 returned status 503
2026/03/31 18:45:30.423053 [RPC] AppendEntries to localhost:5003 returned status 503
2026/03/31 18:45:30.922754 [RPC] AppendEntries to localhost:5003 returned status 503
2026/03/31 18:45:30.922754 [RPC] AppendEntries to localhost:5003 returned status 503
2026/03/31 18:45:31.423203 [RPC] AppendEntries to localhost:5003 returned status 503
2026/03/31 18:45:31.423203 [RPC] AppendEntries to localhost:5003 returned status 503
2026/03/31 18:45:31.922633 [RPC] AppendEntries to localhost:5003 returned status 503
2026/03/31 18:45:31.922633 [RPC] AppendEntries to localhost:5003 returned status 503
2026/03/31 18:45:32.422751 [RPC] AppendEntries to localhost:5003 returned status 503
2026/03/31 18:45:32.422751 [RPC] AppendEntries to localhost:5003 returned status 503
2026/03/31 18:45:32.922829 [RPC] AppendEntries to localhost:5003 returned status 503
2026/03/31 18:45:32.922829 [RPC] AppendEntries to localhost:5003 returned status 503
2026/03/31 18:45:33.421790 [RPC] AppendEntries to localhost:5003 returned status 503
2026/03/31 18:45:33.421790 [RPC] AppendEntries to localhost:5003 returned status 503
2026/03/31 18:45:33.922815 [RPC] AppendEntries to localhost:5003 returned status 503
2026/03/31 18:45:33.922815 [RPC] AppendEntries to localhost:5003 returned status 503
2026/03/31 18:45:34.422913 [RPC] AppendEntries to localhost:5003 returned status 503
2026/03/31 18:45:34.422913 [RPC] AppendEntries to localhost:5003 returned status 503
2026/03/31 18:45:34.922972 [RPC] AppendEntries to localhost:5003 returned status 503
2026/03/31 18:45:34.922972 [RPC] AppendEntries to localhost:5003 returned status 503
2026/03/31 18:45:35.422936 [RPC] AppendEntries to localhost:5003 returned status 503
2026/03/31 18:45:35.422936 [RPC] AppendEntries to localhost:5003 returned status 503
2026/03/31 18:45:35.922727 [RPC] AppendEntries to localhost:5003 returned status 503
2026/03/31 18:45:35.922727 [RPC] AppendEntries to localhost:5003 returned status 503
2026/03/31 18:45:36.422788 [RPC] AppendEntries to localhost:5003 returned status 503
2026/03/31 18:45:36.422788 [RPC] AppendEntries to localhost:5003 returned status 503
2026/03/31 18:45:36.921862 [RPC] AppendEntries to localhost:5003 returned status 503
2026/03/31 18:45:36.921862 [RPC] AppendEntries to localhost:5003 returned status 503
2026/03/31 18:45:37.422609 [RPC] AppendEntries to localhost:5003 returned status 503
2026/03/31 18:45:37.422609 [RPC] AppendEntries to localhost:5003 returned status 503
2026/03/31 18:45:37.922824 [RPC] AppendEntries to localhost:5003 returned status 503
2026/03/31 18:45:37.922824 [RPC] AppendEntries to localhost:5003 returned status 503
2026/03/31 18:45:38.422363 [RPC] AppendEntries to localhost:5003 returned status 503
2026/03/31 18:45:38.422363 [RPC] AppendEntries to localhost:5003 returned status 503
2026/03/31 18:45:38.926891 [RPC] AppendEntries to localhost:5003 returned status 503
2026/03/31 18:45:38.926891 [RPC] AppendEntries to localhost:5003 returned status 503
2026/03/31 18:45:39.422412 [RPC] AppendEntries to localhost:5003 returned status 503
2026/03/31 18:45:39.422412 [RPC] AppendEntries to localhost:5003 returned status 503
2026/03/31 18:45:39.922879 [RPC] AppendEntries to localhost:5003 returned status 503
2026/03/31 18:45:39.922879 [RPC] AppendEntries to localhost:5003 returned status 503
2026/03/31 18:45:40.421533 [RPC] AppendEntries to localhost:5003 returned status 503
2026/03/31 18:45:40.421533 [RPC] AppendEntries to localhost:5003 returned status 503
2026/03/31 18:45:40.922138 [RPC] AppendEntries to localhost:5003 returned status 503
2026/03/31 18:45:40.922138 [RPC] AppendEntries to localhost:5003 returned status 503
2026/03/31 18:45:41.422597 [RPC] AppendEntries to localhost:5003 returned status 503
2026/03/31 18:45:41.422597 [RPC] AppendEntries to localhost:5003 returned status 503
2026/03/31 18:45:41.922335 [RPC] AppendEntries to localhost:5003 returned status 503
2026/03/31 18:45:41.922335 [RPC] AppendEntries to localhost:5003 returned status 503
2026/03/31 18:45:42.422174 [RPC] AppendEntries to localhost:5003 returned status 503
2026/03/31 18:45:42.422174 [RPC] AppendEntries to localhost:5003 returned status 503
2026/03/31 18:45:42.922364 [RPC] AppendEntries to localhost:5003 returned status 503
2026/03/31 18:45:42.922364 [RPC] AppendEntries to localhost:5003 returned status 503
2026/03/31 18:45:43.422667 [RPC] AppendEntries to localhost:5003 returned status 503
2026/03/31 18:45:43.422667 [RPC] AppendEntries to localhost:5003 returned status 503
2026/03/31 18:45:43.922449 [RPC] AppendEntries to localhost:5003 returned status 503
2026/03/31 18:45:43.922449 [RPC] AppendEntries to localhost:5003 returned status 503
2026/03/31 18:45:44.422618 [RPC] AppendEntries to localhost:5003 returned status 503
2026/03/31 18:45:44.422618 [RPC] AppendEntries to localhost:5003 returned status 503
2026/03/31 18:45:44.922640 [RPC] AppendEntries to localhost:5003 returned status 503
2026/03/31 18:45:44.922640 [RPC] AppendEntries to localhost:5003 returned status 503
2026/03/31 18:45:45.422570 [RPC] AppendEntries to localhost:5003 returned status 503
2026/03/31 18:45:45.422570 [RPC] AppendEntries to localhost:5003 returned status 503
2026/03/31 18:45:45.922566 [RPC] AppendEntries to localhost:5003 returned status 503
2026/03/31 18:45:45.922566 [RPC] AppendEntries to localhost:5003 returned status 503
2026/03/31 18:45:46.422212 [RPC] AppendEntries to localhost:5003 returned status 503
2026/03/31 18:45:46.422212 [RPC] AppendEntries to localhost:5003 returned status 503
2026/03/31 18:45:46.922409 [RPC] AppendEntries to localhost:5003 returned status 503
2026/03/31 18:45:46.922409 [RPC] AppendEntries to localhost:5003 returned status 503
2026/03/31 18:45:47.422296 [RPC] AppendEntries to localhost:5003 returned status 503
2026/03/31 18:45:47.422296 [RPC] AppendEntries to localhost:5003 returned status 503
2026/03/31 18:45:47.922312 [RPC] AppendEntries to localhost:5003 returned status 503
2026/03/31 18:45:47.922312 [RPC] AppendEntries to localhost:5003 returned status 503
2026/03/31 18:45:48.421731 [RPC] AppendEntries to localhost:5003 returned status 503
2026/03/31 18:45:48.421731 [RPC] AppendEntries to localhost:5003 returned status 503
2026/03/31 18:45:48.922466 [RPC] AppendEntries to localhost:5003 returned status 503
2026/03/31 18:45:48.922466 [RPC] AppendEntries to localhost:5003 returned status 503
2026/03/31 18:45:49.422246 [RPC] AppendEntries to localhost:5003 returned status 503
2026/03/31 18:45:49.422246 [RPC] AppendEntries to localhost:5003 returned status 503
2026/03/31 18:45:49.922300 [RPC] AppendEntries to localhost:5003 returned status 503
2026/03/31 18:45:49.922300 [RPC] AppendEntries to localhost:5003 returned status 503
2026/03/31 18:45:50.422508 [RPC] AppendEntries to localhost:5003 returned status 503
2026/03/31 18:45:50.422508 [RPC] AppendEntries to localhost:5003 returned status 503
2026/03/31 18:45:50.922276 [RPC] AppendEntries to localhost:5003 returned status 503
2026/03/31 18:45:50.922276 [RPC] AppendEntries to localhost:5003 returned status 503
2026/03/31 18:45:51.422339 [RPC] AppendEntries to localhost:5003 returned status 503
2026/03/31 18:45:51.422339 [RPC] AppendEntries to localhost:5003 returned status 503
2026/03/31 18:45:51.921975 [RPC] AppendEntries to localhost:5003 returned status 503
2026/03/31 18:45:51.921975 [RPC] AppendEntries to localhost:5003 returned status 503
2026/03/31 18:45:52.422114 [RPC] AppendEntries to localhost:5003 returned status 503
2026/03/31 18:45:52.422114 [RPC] AppendEntries to localhost:5003 returned status 503
2026/03/31 18:45:52.922404 [RPC] AppendEntries to localhost:5003 returned status 503
2026/03/31 18:45:52.922404 [RPC] AppendEntries to localhost:5003 returned status 503
2026/03/31 18:45:53.422141 [RPC] AppendEntries to localhost:5003 returned status 503
2026/03/31 18:45:53.422141 [RPC] AppendEntries to localhost:5003 returned status 503
2026/03/31 18:45:53.921053 [RPC] AppendEntries to localhost:5003 returned status 503
2026/03/31 18:45:53.921053 [RPC] AppendEntries to localhost:5003 returned status 503
2026/03/31 18:45:54.422373 [RPC] AppendEntries to localhost:5003 returned status 503
2026/03/31 18:45:54.422373 [RPC] AppendEntries to localhost:5003 returned status 503
2026/03/31 18:45:54.925753 [RPC] AppendEntries to localhost:5003 returned status 503
2026/03/31 18:45:54.925753 [RPC] AppendEntries to localhost:5003 returned status 503
2026/03/31 18:45:55.421269 [RPC] AppendEntries to localhost:5003 returned status 503
2026/03/31 18:45:55.421269 [RPC] AppendEntries to localhost:5003 returned status 503
2026/03/31 18:45:55.921378 [RPC] AppendEntries to localhost:5003 returned status 503
2026/03/31 18:45:55.921378 [RPC] AppendEntries to localhost:5003 returned status 503
2026/03/31 18:45:56.422476 [RPC] AppendEntries to localhost:5003 returned status 503
2026/03/31 18:45:56.422476 [RPC] AppendEntries to localhost:5003 returned status 503
2026/03/31 18:45:56.922311 [RPC] AppendEntries to localhost:5003 returned status 503
2026/03/31 18:45:56.922311 [RPC] AppendEntries to localhost:5003 returned status 503
2026/03/31 18:45:57.421845 [RPC] AppendEntries to localhost:5003 returned status 503
2026/03/31 18:45:57.421845 [RPC] AppendEntries to localhost:5003 returned status 503
2026/03/31 18:45:57.921758 [RPC] AppendEntries to localhost:5003 returned status 503
2026/03/31 18:45:57.921758 [RPC] AppendEntries to localhost:5003 returned status 503
2026/03/31 18:45:58.422363 [RPC] AppendEntries to localhost:5003 returned status 503
2026/03/31 18:45:58.422363 [RPC] AppendEntries to localhost:5003 returned status 503
2026/03/31 18:45:58.922176 [RPC] AppendEntries to localhost:5003 returned status 503
2026/03/31 18:45:58.922176 [RPC] AppendEntries to localhost:5003 returned status 503
2026/03/31 18:45:59.421747 [RPC] AppendEntries to localhost:5003 returned status 503
2026/03/31 18:45:59.421747 [RPC] AppendEntries to localhost:5003 returned status 503
2026/03/31 18:45:59.922160 [RPC] AppendEntries to localhost:5003 returned status 503
2026/03/31 18:45:59.922160 [RPC] AppendEntries to localhost:5003 returned status 503
2026/03/31 18:46:00.422116 [RPC] AppendEntries to localhost:5003 returned status 503
2026/03/31 18:46:00.422116 [RPC] AppendEntries to localhost:5003 returned status 503
2026/03/31 18:46:00.921586 [RPC] AppendEntries to localhost:5003 returned status 503
2026/03/31 18:46:00.921586 [RPC] AppendEntries to localhost:5003 returned status 503
2026/03/31 18:46:01.422052 [RPC] AppendEntries to localhost:5003 returned status 503
2026/03/31 18:46:01.422052 [RPC] AppendEntries to localhost:5003 returned status 503
2026/03/31 18:46:01.920948 [RPC] AppendEntries to localhost:5003 returned status 503
2026/03/31 18:46:01.920948 [RPC] AppendEntries to localhost:5003 returned status 503
2026/03/31 18:46:02.421795 [RPC] AppendEntries to localhost:5003 returned status 503
2026/03/31 18:46:02.421795 [RPC] AppendEntries to localhost:5003 returned status 503
2026/03/31 18:46:02.921934 [RPC] AppendEntries to localhost:5003 returned status 503
2026/03/31 18:46:02.921934 [RPC] AppendEntries to localhost:5003 returned status 503
2026/03/31 18:46:03.421621 [RPC] AppendEntries to localhost:5003 returned status 503
2026/03/31 18:46:03.421621 [RPC] AppendEntries to localhost:5003 returned status 503
2026/03/31 18:46:03.922342 [RPC] AppendEntries to localhost:5003 returned status 503
2026/03/31 18:46:03.922342 [RPC] AppendEntries to localhost:5003 returned status 503
2026/03/31 18:46:04.422059 [RPC] AppendEntries to localhost:5003 returned status 503
2026/03/31 18:46:04.422059 [RPC] AppendEntries to localhost:5003 returned status 503
2026/03/31 18:46:04.921676 [RPC] AppendEntries to localhost:5003 returned status 503
2026/03/31 18:46:04.921676 [RPC] AppendEntries to localhost:5003 returned status 503
2026/03/31 18:46:05.422066 [RPC] AppendEntries to localhost:5003 returned status 503
2026/03/31 18:46:05.422066 [RPC] AppendEntries to localhost:5003 returned status 503
2026/03/31 18:46:05.921511 [RPC] AppendEntries to localhost:5003 returned status 503
2026/03/31 18:46:05.921511 [RPC] AppendEntries to localhost:5003 returned status 503
2026/03/31 18:46:06.421855 [RPC] AppendEntries to localhost:5003 returned status 503
2026/03/31 18:46:06.421855 [RPC] AppendEntries to localhost:5003 returned status 503
2026/03/31 18:46:06.921633 [RPC] AppendEntries to localhost:5003 returned status 503
2026/03/31 18:46:06.921633 [RPC] AppendEntries to localhost:5003 returned status 503
2026/03/31 18:46:07.423132 [RPC] AppendEntries to localhost:5003 returned status 503
2026/03/31 18:46:07.423132 [RPC] AppendEntries to localhost:5003 returned status 503
2026/03/31 18:46:07.920983 [RPC] AppendEntries to localhost:5003 returned status 503
2026/03/31 18:46:07.920983 [RPC] AppendEntries to localhost:5003 returned status 503
2026/03/31 18:46:08.421848 [RPC] AppendEntries to localhost:5003 returned status 503
2026/03/31 18:46:08.421848 [RPC] AppendEntries to localhost:5003 returned status 503
2026/03/31 18:46:08.920776 [RPC] AppendEntries to localhost:5003 returned status 503
2026/03/31 18:46:08.920776 [RPC] AppendEntries to localhost:5003 returned status 503
2026/03/31 18:46:09.421769 [RPC] AppendEntries to localhost:5003 returned status 503
2026/03/31 18:46:09.421769 [RPC] AppendEntries to localhost:5003 returned status 503
2026/03/31 18:46:09.921771 [RPC] AppendEntries to localhost:5003 returned status 503
2026/03/31 18:46:09.921771 [RPC] AppendEntries to localhost:5003 returned status 503
2026/03/31 18:46:10.421939 [RPC] AppendEntries to localhost:5003 returned status 503
2026/03/31 18:46:10.421939 [RPC] AppendEntries to localhost:5003 returned status 503
2026/03/31 18:46:10.921482 [RPC] AppendEntries to localhost:5003 returned status 503
2026/03/31 18:46:10.921482 [RPC] AppendEntries to localhost:5003 returned status 503
2026/03/31 18:46:11.421801 [RPC] AppendEntries to localhost:5003 returned status 503
2026/03/31 18:46:11.421801 [RPC] AppendEntries to localhost:5003 returned status 503
2026/03/31 18:46:11.920929 [RPC] AppendEntries to localhost:5003 returned status 503
2026/03/31 18:46:11.920929 [RPC] AppendEntries to localhost:5003 returned status 503
2026/03/31 18:46:12.421489 [RPC] AppendEntries to localhost:5003 returned status 503
2026/03/31 18:46:12.421489 [RPC] AppendEntries to localhost:5003 returned status 503
2026/03/31 18:46:12.921528 [RPC] AppendEntries to localhost:5003 returned status 503
2026/03/31 18:46:12.921528 [RPC] AppendEntries to localhost:5003 returned status 503
2026/03/31 18:46:13.421614 [RPC] AppendEntries to localhost:5003 returned status 503
2026/03/31 18:46:13.421614 [RPC] AppendEntries to localhost:5003 returned status 503
2026/03/31 18:46:13.921809 [RPC] AppendEntries to localhost:5003 returned status 503
2026/03/31 18:46:13.921809 [RPC] AppendEntries to localhost:5003 returned status 503
2026/03/31 18:46:14.421629 [RPC] AppendEntries to localhost:5003 returned status 503
2026/03/31 18:46:14.421629 [RPC] AppendEntries to localhost:5003 returned status 503
2026/03/31 18:46:14.921453 [RPC] AppendEntries to localhost:5003 returned status 503
2026/03/31 18:46:14.921453 [RPC] AppendEntries to localhost:5003 returned status 503
2026/03/31 18:46:15.421319 [RPC] AppendEntries to localhost:5003 returned status 503
2026/03/31 18:46:15.421319 [RPC] AppendEntries to localhost:5003 returned status 503
2026/03/31 18:46:15.920764 [RPC] AppendEntries to localhost:5003 returned status 503
2026/03/31 18:46:15.920764 [RPC] AppendEntries to localhost:5003 returned status 503
2026/03/31 18:46:16.421077 [RPC] AppendEntries to localhost:5003 returned status 503
2026/03/31 18:46:16.421077 [RPC] AppendEntries to localhost:5003 returned status 503
2026/03/31 18:46:16.921278 [RPC] AppendEntries to localhost:5003 returned status 503
2026/03/31 18:46:16.921278 [RPC] AppendEntries to localhost:5003 returned status 503
2026/03/31 18:46:17.421236 [RPC] AppendEntries to localhost:5003 returned status 503
2026/03/31 18:46:17.421236 [RPC] AppendEntries to localhost:5003 returned status 503
2026/03/31 18:46:17.921209 [RPC] AppendEntries to localhost:5003 returned status 503
2026/03/31 18:46:17.921209 [RPC] AppendEntries to localhost:5003 returned status 503
2026/03/31 18:46:18.421360 [RPC] AppendEntries to localhost:5003 returned status 503
2026/03/31 18:46:18.421360 [RPC] AppendEntries to localhost:5003 returned status 503
2026/03/31 18:46:18.921098 [RPC] AppendEntries to localhost:5003 returned status 503
2026/03/31 18:46:18.921098 [RPC] AppendEntries to localhost:5003 returned status 503
2026/03/31 18:46:19.419944 [RPC] AppendEntries to localhost:5003 returned status 503
2026/03/31 18:46:19.419944 [RPC] AppendEntries to localhost:5003 returned status 503
2026/03/31 18:46:19.920906 [RPC] AppendEntries to localhost:5003 returned status 503
2026/03/31 18:46:19.920906 [RPC] AppendEntries to localhost:5003 returned status 503
2026/03/31 18:46:20.421524 [RPC] AppendEntries to localhost:5003 returned status 503
2026/03/31 18:46:20.421524 [RPC] AppendEntries to localhost:5003 returned status 503
2026/03/31 18:46:20.921334 [RPC] AppendEntries to localhost:5003 returned status 503
2026/03/31 18:46:20.921334 [RPC] AppendEntries to localhost:5003 returned status 503
2026/03/31 18:46:21.421207 [RPC] AppendEntries to localhost:5003 returned status 503
2026/03/31 18:46:21.421207 [RPC] AppendEntries to localhost:5003 returned status 503
2026/03/31 18:46:21.921073 [RPC] AppendEntries to localhost:5003 returned status 503
2026/03/31 18:46:21.921073 [RPC] AppendEntries to localhost:5003 returned status 503
2026/03/31 18:46:22.420575 [RPC] AppendEntries to localhost:5003 returned status 503
2026/03/31 18:46:22.420575 [RPC] AppendEntries to localhost:5003 returned status 503
2026/03/31 18:46:22.921164 [RPC] AppendEntries to localhost:5003 returned status 503
2026/03/31 18:46:22.921164 [RPC] AppendEntries to localhost:5003 returned status 503
2026/03/31 18:46:23.421032 [RPC] AppendEntries to localhost:5003 returned status 503
2026/03/31 18:46:23.421032 [RPC] AppendEntries to localhost:5003 returned status 503
2026/03/31 18:46:23.921154 [RPC] AppendEntries to localhost:5003 returned status 503
2026/03/31 18:46:23.921154 [RPC] AppendEntries to localhost:5003 returned status 503
2026/03/31 18:46:24.421336 [RPC] AppendEntries to localhost:5003 returned status 503
2026/03/31 18:46:24.421336 [RPC] AppendEntries to localhost:5003 returned status 503
2026/03/31 18:46:24.921490 [RPC] AppendEntries to localhost:5003 returned status 503
2026/03/31 18:46:24.921490 [RPC] AppendEntries to localhost:5003 returned status 503
2026/03/31 18:46:25.421404 [RPC] AppendEntries to localhost:5003 returned status 503
2026/03/31 18:46:25.421404 [RPC] AppendEntries to localhost:5003 returned status 503
2026/03/31 18:46:25.921027 [RPC] AppendEntries to localhost:5003 returned status 503
2026/03/31 18:46:25.921027 [RPC] AppendEntries to localhost:5003 returned status 503
2026/03/31 18:46:26.420851 [RPC] AppendEntries to localhost:5003 returned status 503
2026/03/31 18:46:26.420851 [RPC] AppendEntries to localhost:5003 returned status 503
2026/03/31 18:46:26.921717 [RPC] AppendEntries to localhost:5003 returned status 503
2026/03/31 18:46:26.921717 [RPC] AppendEntries to localhost:5003 returned status 503
2026/03/31 18:46:27.420920 [RPC] AppendEntries to localhost:5003 returned status 503
2026/03/31 18:46:27.420920 [RPC] AppendEntries to localhost:5003 returned status 503
2026/03/31 18:46:27.921190 [RPC] AppendEntries to localhost:5003 returned status 503
2026/03/31 18:46:27.921190 [RPC] AppendEntries to localhost:5003 returned status 503
2026/03/31 18:46:28.421344 [RPC] AppendEntries to localhost:5003 returned status 503
2026/03/31 18:46:28.421344 [RPC] AppendEntries to localhost:5003 returned status 503
2026/03/31 18:46:28.920701 [RPC] AppendEntries to localhost:5003 returned status 503
2026/03/31 18:46:28.920701 [RPC] AppendEntries to localhost:5003 returned status 503
2026/03/31 18:46:29.057063 [RAFT] Leader node1: Appended entry Index=4 Term=3 Action=CREATE_KEY
2026/03/31 18:46:29.057063 [RAFT] Leader node1: Appended entry Index=4 Term=3 Action=CREATE_KEY
2026/03/31 18:46:29.057788 [RPC] AppendEntries to localhost:5003 returned status 503
2026/03/31 18:46:29.057788 [RPC] AppendEntries to localhost:5003 returned status 503
2026/03/31 18:46:29.059775 [REPLICATION] Leader node1 → localhost:5002: Replicated 1 entries | matchIndex=4 | nextIndex=5
2026/03/31 18:46:29.059775 [REPLICATION] Leader node1 → localhost:5002: Replicated 1 entries | matchIndex=4 | nextIndex=5
2026/03/31 18:46:29.059841 [COMMIT] Leader node1: Entry Index=4 replicated on 2/3 nodes — COMMITTED ✓
2026/03/31 18:46:29.059841 [COMMIT] Leader node1: Entry Index=4 replicated on 2/3 nodes — COMMITTED ✓
2026/03/31 18:46:29.059939 [APPLY] Node node1: Applying entry Index=4 Term=3 Action=CREATE_KEY | lastApplied=4 commitIndex=4
2026/03/31 18:46:29.059939 [APPLY] Node node1: Applying entry Index=4 Term=3 Action=CREATE_KEY | lastApplied=4 commitIndex=4
2026/03/31 18:46:29.060732 [KMS] Created key: rudra
2026/03/31 18:46:29.060732 [KMS] Created key: rudra
2026/03/31 18:46:29.064687 [TEST/DEMO] Key created via demo endpoint: rudra
2026/03/31 18:46:29.064687 [TEST/DEMO] Key created via demo endpoint: rudra
2026/03/31 18:46:29.420857 [RPC] AppendEntries to localhost:5003 returned status 503
2026/03/31 18:46:29.420857 [RPC] AppendEntries to localhost:5003 returned status 503
2026/03/31 18:46:29.920917 [RPC] AppendEntries to localhost:5003 returned status 503
2026/03/31 18:46:29.920917 [RPC] AppendEntries to localhost:5003 returned status 503
2026/03/31 18:46:30.421252 [RPC] AppendEntries to localhost:5003 returned status 503
2026/03/31 18:46:30.421252 [RPC] AppendEntries to localhost:5003 returned status 503
2026/03/31 18:46:30.921480 [RPC] AppendEntries to localhost:5003 returned status 503
2026/03/31 18:46:30.921480 [RPC] AppendEntries to localhost:5003 returned status 503
2026/03/31 18:46:31.421255 [RPC] AppendEntries to localhost:5003 returned status 503
2026/03/31 18:46:31.421255 [RPC] AppendEntries to localhost:5003 returned status 503
2026/03/31 18:46:31.919857 [RPC] AppendEntries to localhost:5003 returned status 503
2026/03/31 18:46:31.919857 [RPC] AppendEntries to localhost:5003 returned status 503
2026/03/31 18:46:32.420713 [RPC] AppendEntries to localhost:5003 returned status 503
2026/03/31 18:46:32.420713 [RPC] AppendEntries to localhost:5003 returned status 503
2026/03/31 18:46:32.920736 [RPC] AppendEntries to localhost:5003 returned status 503
2026/03/31 18:46:32.920736 [RPC] AppendEntries to localhost:5003 returned status 503
2026/03/31 18:46:33.420674 [RPC] AppendEntries to localhost:5003 returned status 503
2026/03/31 18:46:33.420674 [RPC] AppendEntries to localhost:5003 returned status 503
2026/03/31 18:46:33.920775 [RPC] AppendEntries to localhost:5003 returned status 503
2026/03/31 18:46:33.920775 [RPC] AppendEntries to localhost:5003 returned status 503
2026/03/31 18:46:34.421091 [RPC] AppendEntries to localhost:5003 returned status 503
2026/03/31 18:46:34.421091 [RPC] AppendEntries to localhost:5003 returned status 503
2026/03/31 18:46:34.919902 [RPC] AppendEntries to localhost:5003 returned status 503
2026/03/31 18:46:34.919902 [RPC] AppendEntries to localhost:5003 returned status 503
2026/03/31 18:46:35.420011 [RPC] AppendEntries to localhost:5003 returned status 503
2026/03/31 18:46:35.420011 [RPC] AppendEntries to localhost:5003 returned status 503
2026/03/31 18:46:35.921021 [RPC] AppendEntries to localhost:5003 returned status 503
2026/03/31 18:46:35.921021 [RPC] AppendEntries to localhost:5003 returned status 503
2026/03/31 18:46:36.421042 [RPC] AppendEntries to localhost:5003 returned status 503
2026/03/31 18:46:36.421042 [RPC] AppendEntries to localhost:5003 returned status 503
2026/03/31 18:46:36.920771 [RPC] AppendEntries to localhost:5003 returned status 503
2026/03/31 18:46:36.920771 [RPC] AppendEntries to localhost:5003 returned status 503
2026/03/31 18:46:37.420733 [RPC] AppendEntries to localhost:5003 returned status 503
2026/03/31 18:46:37.420733 [RPC] AppendEntries to localhost:5003 returned status 503
2026/03/31 18:46:37.920523 [RPC] AppendEntries to localhost:5003 returned status 503
2026/03/31 18:46:37.920523 [RPC] AppendEntries to localhost:5003 returned status 503
2026/03/31 18:46:38.420539 [RPC] AppendEntries to localhost:5003 returned status 503
2026/03/31 18:46:38.420539 [RPC] AppendEntries to localhost:5003 returned status 503
2026/03/31 18:46:38.920962 [RPC] AppendEntries to localhost:5003 returned status 503
2026/03/31 18:46:38.920962 [RPC] AppendEntries to localhost:5003 returned status 503
2026/03/31 18:46:39.420937 [RPC] AppendEntries to localhost:5003 returned status 503
2026/03/31 18:46:39.420937 [RPC] AppendEntries to localhost:5003 returned status 503
2026/03/31 18:46:39.920858 [RPC] AppendEntries to localhost:5003 returned status 503
2026/03/31 18:46:39.920858 [RPC] AppendEntries to localhost:5003 returned status 503
2026/03/31 18:46:40.420772 [RPC] AppendEntries to localhost:5003 returned status 503
2026/03/31 18:46:40.420772 [RPC] AppendEntries to localhost:5003 returned status 503
2026/03/31 18:46:40.920702 [RPC] AppendEntries to localhost:5003 returned status 503
2026/03/31 18:46:40.920702 [RPC] AppendEntries to localhost:5003 returned status 503
2026/03/31 18:46:41.420829 [RPC] AppendEntries to localhost:5003 returned status 503
2026/03/31 18:46:41.420829 [RPC] AppendEntries to localhost:5003 returned status 503
2026/03/31 18:46:41.920834 [RPC] AppendEntries to localhost:5003 returned status 503
2026/03/31 18:46:41.920834 [RPC] AppendEntries to localhost:5003 returned status 503
2026/03/31 18:46:42.420815 [RPC] AppendEntries to localhost:5003 returned status 503
2026/03/31 18:46:42.420815 [RPC] AppendEntries to localhost:5003 returned status 503
2026/03/31 18:46:42.920659 [RPC] AppendEntries to localhost:5003 returned status 503
2026/03/31 18:46:42.920659 [RPC] AppendEntries to localhost:5003 returned status 503
2026/03/31 18:46:43.419776 [RPC] AppendEntries to localhost:5003 returned status 503
2026/03/31 18:46:43.419776 [RPC] AppendEntries to localhost:5003 returned status 503
2026/03/31 18:46:43.921574 [REPLICATION] Leader node1 → localhost:5003: Replicated 4 entries | matchIndex=4 | nextIndex=5
2026/03/31 18:46:43.921574 [REPLICATION] Leader node1 → localhost:5003: Replicated 4 entries | matchIndex=4 | nextIndex=5
2026/03/31 18:47:11.887414 [CHAOS] 💀 Node KILLED - all requests will be rejected
2026/03/31 18:47:11.887414 [CHAOS] 💀 Node KILLED - all requests will be rejected
2026/03/31 18:47:38.253549 [CHAOS] ✅ Node REVIVED - accepting requests again
2026/03/31 18:47:38.253549 [CHAOS] ✅ Node REVIVED - accepting requests again
2026/03/31 18:47:38.420294 [RAFT] Node node1: Stepping down, higher term 4 from localhost:5003
2026/03/31 18:47:38.420294 [RAFT] Node node1: Stepping down, higher term 4 from localhost:5003
2026/03/31 18:47:38.594663 [SYNC] Node node1 ← node3: Appended 5 entries | LogLen now=5 | commitIndex=4
2026/03/31 18:47:38.594663 [SYNC] Node node1 ← node3: Appended 5 entries | LogLen now=5 | commitIndex=4
2026/03/31 18:47:38.594870 [APPLY] Node node1: Applying entry Index=5 Term=4 Action=AUDIT_LOG | lastApplied=5 commitIndex=5
2026/03/31 18:47:38.594870 [APPLY] Node node1: Applying entry Index=5 Term=4 Action=AUDIT_LOG | lastApplied=5 commitIndex=5
2026/03/31 18:47:38.595015 [KMS/AUDIT] User admin performed DECRYPT on Key rudra
2026/03/31 18:47:38.595015 [KMS/AUDIT] User admin performed DECRYPT on Key rudra
